c:\users\longmao\desktop\work_exercise\offer\offer\debug\vc140.pdb
c:\users\longmao\desktop\work_exercise\offer\offer\debug\vc140.idb
c:\users\longmao\desktop\work_exercise\offer\offer\debug\offer_13.obj
c:\users\longmao\desktop\work_exercise\offer\offer\debug\offer_14.obj
c:\users\longmao\desktop\work_exercise\offer\offer\debug\offer_15.obj
c:\users\longmao\desktop\work_exercise\offer\offer\debug\offer_16.obj
c:\users\longmao\desktop\work_exercise\offer\offer\debug\offer_17.obj
c:\users\longmao\desktop\work_exercise\offer\offer\debug\offer_2.obj
c:\users\longmao\desktop\work_exercise\offer\offer\debug\offer_3_1.obj
c:\users\longmao\desktop\work_exercise\offer\offer\debug\offer_3_2.obj
c:\users\longmao\desktop\work_exercise\offer\offer\debug\offer_4.obj
c:\users\longmao\desktop\work_exercise\offer\offer\debug\offer_5.obj
c:\users\longmao\desktop\work_exercise\offer\offer\debug\offer_6.obj
c:\users\longmao\desktop\work_exercise\offer\offer\debug\offer_7.obj
c:\users\longmao\desktop\work_exercise\offer\offer\debug\offer_8.obj
c:\users\longmao\desktop\work_exercise\offer\offer\debug\offer_9.obj
c:\users\longmao\desktop\work_exercise\offer\offer\debug\uk_test.obj
c:\users\longmao\desktop\work_exercise\offer\offer\debug\array.obj
c:\users\longmao\desktop\work_exercise\offer\offer\debug\binarytree.obj
c:\users\longmao\desktop\work_exercise\offer\offer\debug\list.obj
c:\users\longmao\desktop\work_exercise\offer\offer\debug\stringutil.obj
c:\users\longmao\desktop\work_exercise\offer\offer\debug\tree.obj
c:\users\longmao\desktop\work_exercise\offer\offer\debug\mian.obj
c:\users\longmao\desktop\work_exercise\offer\offer\debug\offer_1.obj
c:\users\longmao\desktop\work_exercise\offer\offer\debug\offer_10.obj
c:\users\longmao\desktop\work_exercise\offer\offer\debug\offer_11.obj
c:\users\longmao\desktop\work_exercise\offer\offer\debug\offer_12.obj
c:\users\longmao\desktop\work_exercise\offer\offer\debug\offer_18_1.obj
c:\users\longmao\desktop\work_exercise\offer\offer\debug\offer_18_2.obj
c:\users\longmao\desktop\work_exercise\offer\offer\debug\offer_19.obj
c:\users\longmao\desktop\work_exercise\offer\offer\debug\offer_20.obj
c:\users\longmao\desktop\work_exercise\offer\offer\debug\offer_21.obj
c:\users\longmao\desktop\work_exercise\offer\offer\debug\offer_22.obj
c:\users\longmao\desktop\work_exercise\offer\offer\debug\offer_23.obj
c:\users\longmao\desktop\work_exercise\offer\offer\debug\offer_24.obj
c:\users\longmao\desktop\work_exercise\offer\offer\debug\offer_25.obj
c:\users\longmao\desktop\work_exercise\offer\offer\debug\offer_26.obj
c:\users\longmao\desktop\work_exercise\offer\offer\debug\offer_27.obj
c:\users\longmao\desktop\work_exercise\offer\offer\debug\offer_28.obj
c:\users\longmao\desktop\work_exercise\offer\offer\debug\offer_29.obj
c:\users\longmao\desktop\work_exercise\offer\offer\debug\offer_30.obj
c:\users\longmao\desktop\work_exercise\offer\offer\debug\offer_31.obj
c:\users\longmao\desktop\work_exercise\offer\offer\debug\offer_32.obj
c:\users\longmao\desktop\work_exercise\offer\offer\debug\offer_32_1.obj
c:\users\longmao\desktop\work_exercise\offer\offer\debug\offer_33.obj
c:\users\longmao\desktop\work_exercise\offer\offer\debug\offer_32_2.obj
c:\users\longmao\desktop\work_exercise\offer\offer\debug\offer_32_3.obj
c:\users\longmao\desktop\work_exercise\offer\offer\debug\offer_34.obj
c:\users\longmao\desktop\work_exercise\offer\offer\debug\offer_35.obj
c:\users\longmao\desktop\work_exercise\offer\debug\offer.ilk
c:\users\longmao\desktop\work_exercise\offer\debug\offer.exe
c:\users\longmao\desktop\work_exercise\offer\debug\offer.pdb
c:\users\longmao\desktop\work_exercise\offer\debug\offer.lib
c:\users\longmao\desktop\work_exercise\offer\debug\offer.exp
c:\users\longmao\desktop\work_exercise\offer\offer\debug\offer_3.obj
c:\users\longmao\desktop\work_exercise\offer\offer\debug\offer_2.obj.enc
c:\users\longmao\desktop\work_exercise\offer\offer\debug\offer_33.obj.enc
c:\users\longmao\desktop\work_exercise\offer\offer\debug\offer_5.obj.enc
c:\users\longmao\desktop\work_exercise\offer\offer\debug\offer.tlog\cl.command.1.tlog
c:\users\longmao\desktop\work_exercise\offer\offer\debug\offer.tlog\cl.read.1.tlog
c:\users\longmao\desktop\work_exercise\offer\offer\debug\offer.tlog\cl.write.1.tlog
c:\users\longmao\desktop\work_exercise\offer\offer\debug\offer.tlog\link-cvtres.read.1.tlog
c:\users\longmao\desktop\work_exercise\offer\offer\debug\offer.tlog\link-cvtres.write.1.tlog
c:\users\longmao\desktop\work_exercise\offer\offer\debug\offer.tlog\link-rc.read.1.tlog
c:\users\longmao\desktop\work_exercise\offer\offer\debug\offer.tlog\link-rc.write.1.tlog
c:\users\longmao\desktop\work_exercise\offer\offer\debug\offer.tlog\link.13928-cvtres.read.1.tlog
c:\users\longmao\desktop\work_exercise\offer\offer\debug\offer.tlog\link.13928-cvtres.write.1.tlog
c:\users\longmao\desktop\work_exercise\offer\offer\debug\offer.tlog\link.13928-rc.read.1.tlog
c:\users\longmao\desktop\work_exercise\offer\offer\debug\offer.tlog\link.13928-rc.write.1.tlog
c:\users\longmao\desktop\work_exercise\offer\offer\debug\offer.tlog\link.13928.read.1.tlog
c:\users\longmao\desktop\work_exercise\offer\offer\debug\offer.tlog\link.13928.write.1.tlog
c:\users\longmao\desktop\work_exercise\offer\offer\debug\offer.tlog\link.command.1.tlog
c:\users\longmao\desktop\work_exercise\offer\offer\debug\offer.tlog\link.read.1.tlog
c:\users\longmao\desktop\work_exercise\offer\offer\debug\offer.tlog\link.write.1.tlog
c:\users\longmao\desktop\work_exercise\offer\offer\debug\offer.tlog\offer.write.1u.tlog
